<?xml version="1.0" encoding="UTF-8"?>
<!-- Generated by org.testng.reporters.JUnitReportReporter -->
<testsuite skipped="0" hostname="User11-PC" name="com.metacube.testautomation.TestNG_DemoSelenium" tests="3" failures="0" timestamp="10 Oct 2017 13:53:13 GMT" time="87.510" errors="0">
  <testcase name="testLinkFoundOnChrome" time="16.867" classname="com.metacube.testautomation.TestNG_DemoSelenium"/>
  <testcase name="testLinkFoundOnIE" time="17.688" classname="com.metacube.testautomation.TestNG_DemoSelenium"/>
  <testcase name="testLinkFoundOnFirefox" time="52.955" classname="com.metacube.testautomation.TestNG_DemoSelenium"/>
</testsuite> <!-- com.metacube.testautomation.TestNG_DemoSelenium -->
