<?xml version="1.0" encoding="UTF-8"?>
<!-- Generated by org.testng.reporters.JUnitReportReporter -->
<testsuite skipped="0" hostname="User12-PC" name="com.metacube.testautomation.TestNG_Demo_1" tests="1" failures="0" timestamp="09 Oct 2017 07:20:06 GMT" time="1.838" errors="0">
  <testcase name="f" time="1.838" classname="com.metacube.testautomation.TestNG_Demo_1"/>
</testsuite> <!-- com.metacube.testautomation.TestNG_Demo_1 -->
