<?xml version="1.0" encoding="UTF-8"?>
<!-- Generated by org.testng.reporters.JUnitReportReporter -->
<testsuite skipped="0" hostname="User12-PC" name="com.metacube.testautomation.HardAssertions" tests="2" failures="0" timestamp="10 Oct 2017 06:32:07 GMT" time="0.012" errors="0">
  <testcase name="test1" time="0.010" classname="com.metacube.testautomation.HardAssertions"/>
  <testcase name="test2" time="0.002" classname="com.metacube.testautomation.HardAssertions"/>
</testsuite> <!-- com.metacube.testautomation.HardAssertions -->
