<?xml version="1.0" encoding="UTF-8"?>
<!-- Generated by org.testng.reporters.JUnitReportReporter -->
<testsuite skipped="0" hostname="User12-PC" name="com.metacube.testautomation.Sequencing" tests="2" failures="0" timestamp="10 Oct 2017 06:13:53 GMT" time="0.005" errors="0">
  <testcase name="testCase2" time="0.001" classname="com.metacube.testautomation.Sequencing"/>
  <testcase name="testCase1" time="0.004" classname="com.metacube.testautomation.Sequencing"/>
</testsuite> <!-- com.metacube.testautomation.Sequencing -->
